[mlr.ltd/index.html]
[mlr.ltd/favicons/favicon-96x96.png]
[mlr.ltd/favicons/favicon.svg]
[mlr.ltd/favicons/favicon.ico]
[mlr.ltd/favicons/apple-touch-icon.png]
[backblue.gif]
[fade.gif]
[index.html]
[mlr.ltd/plugins-dist/mediabox/lib/lity/litycc74.css]
[mlr.ltd/plugins-dist/mediabox/lity/css/lity.mediaboxcc74.css]
[mlr.ltd/plugins-dist/mediabox/lity/skins/_simple-dark/litycc74.css]
[mlr.ltd/plugins-dist/porte_plume/css/barre_outilsad70.css]
[mlr.ltd/local/cache-css/cssdyn-css_barre_outils_icones_css-1fe3d096518f.css]
[mlr.ltd/plugins/auto/typoenluminee/v4.0.0/css/enluminurestypo.css]
[mlr.ltd/plugins/auto/sociaux/v2.4.2/lib/socicon/styledf92.css]
[mlr.ltd/plugins/auto/sociaux/v2.4.2/css/sociauxdf92.css]
[mlr.ltd/plugins/auto/oembed/v3.4.0/css/oembed1be9.css]
[mlr.ltd/squelettes/css/spip.css]
[cdn.jsdelivr.net/npm/bootstrap-icons@1.11.3/font/bootstrap-icons.min.css]
[mlr.ltd/squelettes/css/bootstrap.min.css]
[mlr.ltd/squelettes/css/mlr.css]
[mlr.ltd/squelettes/images/logo-mlr-white.svg]
[mlr.ltd/the-company/who-we-are/article/who-we-are.html]
[mlr.ltd/the-company/our-values/article/our-values.html]
[mlr.ltd/partners/european-institutions/article/eurocham.html]
[mlr.ltd/the-company/management/index.html]
[mlr.ltd/services/compliance/index.html]
[mlr.ltd/services/economic-intelligence/index.html]
[mlr.ltd/services/public-affairs/index.html]
[mlr.ltd/partners/vietnamese-institutions/article/nouvelle-traduction-1-vietnam-blockchain-association.html]
[mlr.ltd/services/risk-advisory/index.html]
[mlr.ltd/partners/french-institutions/index.html]
[mlr.ltd/contact/article/contact-us.html]
[mlr.ltd/local/cache-gd2/b8/491da39e09f30c7277e9e933cb04ac76d4.png]
[mlr.ltd/local/cache-gd2/9f/35e17e845818259c2e6f7912bfa0a7dc7f.png]
[mlr.ltd/local/cache-gd2/b8/acc38d3a3c326efa60fbb44e3e222b1753.png]
[mlr.ltd/services/risk-advisory/article/background-check.html]
[mlr.ltd/services/risk-advisory/article/due-diligence.html]
[mlr.ltd/services/risk-advisory/article/financial-due-diligence.html]
[mlr.ltd/services/compliance/article/anti-corruption-compliance.html]
[mlr.ltd/services/compliance/article/anti-money-laundering.html]
[mlr.ltd/services/compliance/article/sanctions.html]
[mlr.ltd/services/compliance/article/cryptocurrencies.html]
[mlr.ltd/services/compliance/article/5-fraud.html]
[mlr.ltd/services/economic-intelligence/article/economic-intelligence.html]
[mlr.ltd/services/economic-intelligence/article/expertise-in-industrial-zones.html]
[mlr.ltd/services/public-affairs/article/strategic-consulting.html]
[mlr.ltd/services/public-affairs/article/institutional-relations.html]
[mlr.ltd/services/public-affairs/article/government-affairs.html]
[mlr.ltd/the-company/management/article/dr-remi-nguyen.html]
[mlr.ltd/local/cache-gd2/1d/7a6354936b3da14fd9040919216597518f.webp]
[mlr.ltd/the-company/management/article/romain-marselli.html]
[mlr.ltd/local/cache-gd2/bc/3dc14f7f5b61f9f116bb359cdc6d93518f.webp]
[mlr.ltd/the-company/management/article/tran-cong-hoa.html]
[mlr.ltd/local/cache-gd2/e9/a4f4f56f93ab29c541be8373002acb518f.webp]
[mlr.ltd/the-company/management/article/tran-minh-quan-nguyen.html]
[mlr.ltd/local/cache-gd2/e3/0a38edf9c0b487f1feed097481ed73518f.webp]
[mlr.ltd/IMG/webp/partenaires1.webp]
[mlr.ltd/partners/index.html]
[mlr.ltd/terms-of-use/article/legal-notice.html]
[mlr.ltd/terms-of-use/article/privacy-policy.html]
[mlr.ltd/index.html]
[mlr.ltd/favicons/favicon.svg]
[mlr.ltd/favicons/site.html]
[mlr.ltd/plugins-dist/mediabox/lib/lity/litycc74.css]
[mlr.ltd/plugins-dist/mediabox/lity/css/lity.mediaboxcc74.css]
[mlr.ltd/plugins-dist/mediabox/lity/skins/_simple-dark/litycc74.css]
[mlr.ltd/squelettes/js/bootstrap.bundle.min.js]
[mlr.ltd/plugins-dist/porte_plume/css/img/submenu.png]
[mlr.ltd/plugins-dist/porte_plume/css/barre_outilsad70.css]
[mlr.ltd/plugins-dist/porte_plume/icones_barre/spt-v1.svg]
[mlr.ltd/plugins/auto/typoenluminee/v4.0.0/icones_barre/intertitre2.png]
[mlr.ltd/plugins/auto/typoenluminee/v4.0.0/icones_barre/intertitre3.png]
[mlr.ltd/plugins/auto/typoenluminee/v4.0.0/icones_barre/right.png]
[mlr.ltd/plugins/auto/typoenluminee/v4.0.0/icones_barre/left.png]
[mlr.ltd/plugins/auto/typoenluminee/v4.0.0/icones_barre/cadretexte.png]
[mlr.ltd/plugins/auto/typoenluminee/v4.0.0/icones_barre/tag.png]
[mlr.ltd/plugins/auto/typoenluminee/v4.0.0/icones_barre/page_white_code_red.png]
[mlr.ltd/plugins/auto/typoenluminee/v4.0.0/icones_barre/page_white_code.png]
[mlr.ltd/plugins/auto/typoenluminee/v4.0.0/icones_barre/miseenevidence.png]
[mlr.ltd/plugins/auto/typoenluminee/v4.0.0/icones_barre/miseenevidence2.png]
[mlr.ltd/plugins/auto/typoenluminee/v4.0.0/icones_barre/exposant.png]
[mlr.ltd/plugins/auto/typoenluminee/v4.0.0/icones_barre/indice.png]
[mlr.ltd/plugins/auto/typoenluminee/v4.0.0/icones_barre/petitescapitales.png]
[mlr.ltd/plugins/auto/typoenluminee/v4.0.0/icones_barre/poesie.png]
[mlr.ltd/plugins/auto/typoenluminee/v4.0.0/icones_barre/barre-tableau.png]
[mlr.ltd/local/cache-css/cssdyn-css_barre_outils_icones_css-1fe3d096518f.css]
[mlr.ltd/plugins/auto/typoenluminee/v4.0.0/css/enluminurestypo.css]
[mlr.ltd/plugins/auto/mll/v2.1.0/mll_styles.css]
[mlr.ltd/plugins/auto/sociaux/v2.4.2/lib/socicon/fonts/Sociconb716.eot]
[mlr.ltd/plugins/auto/sociaux/v2.4.2/lib/socicon/fonts/Sociconb716.ttf]
[mlr.ltd/plugins/auto/sociaux/v2.4.2/lib/socicon/fonts/Sociconb716.woff]
[mlr.ltd/plugins/auto/sociaux/v2.4.2/lib/socicon/styledf92.css]
[mlr.ltd/plugins/auto/sociaux/v2.4.2/css/sociauxdf92.css]
[mlr.ltd/plugins/auto/media/v1.6.0/css/media.css]
[mlr.ltd/plugins/auto/oembed/v3.4.0/css/oembed1be9.css]
[mlr.ltd/plugins/auto/sociaux/v2.4.2/lib/socicon/fonts/Sociconb716.svg]
[mlr.ltd/squelettes/css/spip.css]
[cdn.jsdelivr.net/npm/bootstrap-icons@1.11.3/font/fonts/bootstrap-icons0107.woff2]
[cdn.jsdelivr.net/npm/bootstrap-icons@1.11.3/font/fonts/bootstrap-icons0107.woff]
[cdn.jsdelivr.net/npm/bootstrap-icons@1.11.3/font/bootstrap-icons.min.css]
[mlr.ltd/squelettes/css/bootstrap.min.css]
[mlr.ltd/squelettes/css/mlr.css]
[mlr.ltd/squelettes/images/logo-mlr-white.svg]
[mlr.ltd/la-societe/qui-sommes-nous/article/qui-sommes-nouse68f.html]
[mlr.ltd/mlr-จำกัดโดยสังเขป/พวกเราเป็นใคร/article/พวกเราเป็นใครcc5a.html]
[mlr.ltd/ve-chung-toi/ve-chung-toi/article/ve-chung-toie034.html]
[mlr.ltd/公司/我們是誰/article/我們是誰3454.html]
[mlr.ltd/local/cache-gd2/7f/6ee2e23dd4f5039d1719d69b7325c06189.png]
[mlr.ltd/the-company/who-we-are/article/who-we-are.html]
[mlr.ltd/la-societe/nos-valeurs/article/nos-valeurse68f.html]
[mlr.ltd/the-company/our-values/article/our-valuescc5a.html]
[mlr.ltd/ve-chung-toi/gia-tri-cua-chung-toi/article/gia-tri-cua-chung-toie034.html]
[mlr.ltd/公司/我們的價值觀/article/我們的價值觀3454.html]
[mlr.ltd/local/cache-gd2/c3/e2f7fc28f9296b0eedf0f197b2da1fdd0d.png]
[mlr.ltd/the-company/our-values/article/our-values.html]
[mlr.ltd/local/cache-gd2/50/3516291391283e8703124ddc171fee9bd7.png]
[mlr.ltd/local/cache-gd2/e5/2a047c1582055b8cf5333b7ce8a37b518f.png]
[mlr.ltd/local/cache-gd2/64/13a3d5212fbd78dc65c0526af36c55518f.png]
[mlr.ltd/local/cache-gd2/a8/f2080309627f417f343fb4873c5ac9518f.png]
[mlr.ltd/local/cache-gd2/fa/397ea724c03d9b8f7ab1bac198012e518f.png]
[mlr.ltd/the-company/management/index.html]
[mlr.ltd/local/cache-gd2/43/a19ebcdea40768bf3206c89fa2ec3c5dad.png]
[mlr.ltd/local/cache-gd2/8c/aab4024691096430e61c3c81cb0b244b94.png]
[mlr.ltd/local/cache-gd2/c3/9aed718557570e38d728c444461af94b94.png]
[mlr.ltd/services/index.html]
[mlr.ltd/services/risk-advisory/index.html]
[mlr.ltd/local/cache-gd2/be/1dd693a5ca3f14c6148f1b4926b202768e.png]
[mlr.ltd/services/compliance/index.html]
[mlr.ltd/local/cache-gd2/3b/1e4cf936c08f02202b7f75715d831c54f6.png]
[mlr.ltd/local/cache-gd2/cd/4682d3099a2fcbcb1f4cd422cb1e3954f6.png]
[mlr.ltd/local/cache-gd2/2b/38bd6dc2a3da9ef360d39880bee8c14a86.png]
[mlr.ltd/services/economic-intelligence/index.html]
[mlr.ltd/local/cache-gd2/a6/600f42888116a22dc1bf9ff0ef5e090abd.png]
[mlr.ltd/services/public-affairs/index.html]
[mlr.ltd/local/cache-gd2/e7/df130e4617566ffa7a474db68ac84f.761af6.delayed]
[mlr.ltd/partners/french-institutions/article/the-foreign-trade-advisors-of-france.html]
[mlr.ltd/local/cache-gd2/80/3e29b5193242a2c923a26005eaf1b91af6.png]
[mlr.ltd/partners/french-institutions/article/business-france.html]
[mlr.ltd/local/cache-gd2/dc/c6e54be32016c52198212d846ea8f31af6.png]
[mlr.ltd/partners/french-institutions/article/the-french-chamber-of-commerce-and-industry-in-vietnam-ccifv.html]
[mlr.ltd/local/cache-gd2/95/8a33ef6731bcd75f0c71170da4d4551af6.png]
[mlr.ltd/partners/french-institutions/article/french-tech-vietnam.html]
[mlr.ltd/local/cache-gd2/2c/e81b0ce0912caec586d62da37d1d076bab.png]
[mlr.ltd/partners/french-institutions/index.html]
[mlr.ltd/partners/french-institutions/article/stratexio.html]
[mlr.ltd/partenaires/institutions-europeennes/article/eurochame68f.html]
[mlr.ltd/พันธมิตร/สถาบันในยุโรป/article/eurochamcc5a.html]
[mlr.ltd/đoi-tac/to-chuc-chau-au/article/nouvelle-traduction-01-eurochame034.html]
[mlr.ltd/合作夥伴/歐洲機構/article/eurocham3454.html]
[mlr.ltd/local/cache-gd2/c3/60c47e90fdd54d76902c4941ba1e9ddcd2.png]
[mlr.ltd/partners/european-institutions/index.html]
[mlr.ltd/local/cache-vignettes/L300xH213/eurocham-fdee7.jpg]
[mlr.ltd/partners/european-institutions/article/eurocham.html]
[mlr.ltd/partenaires/institutions-vietnamiennes/article/vietnam-blockchain-associatione68f.html]
[mlr.ltd/พันธมิตร/สถาบันเวียดนาม/article/สมาคมบล็อกเชนเวียดนามcc5a.html]
[mlr.ltd/đoi-tac/cac-to-chuc-cua-viet-nam/article/hiep-hoi-blockchain-viet-name034.html]
[mlr.ltd/合作夥伴/越南機構/article/越南區塊鏈協會-英文-vietnam-blockchain-association-vba3454.html]
[mlr.ltd/local/cache-gd2/55/4979171fc2e6aca40e8dba5c52860e6643.png]
[mlr.ltd/partners/vietnamese-institutions/index.html]
[mlr.ltd/local/cache-vignettes/L300xH210/vba-7465a.jpg]
[mlr.ltd/partners/vietnamese-institutions/article/nouvelle-traduction-1-vietnam-blockchain-association.html]
[mlr.ltd/contact-fr/article/vous-souhaitez-travailler-avec-nous-contactez-nouse68f.html]
[mlr.ltd/contact/article/contact-uscc5a.html]
[mlr.ltd/lien-he-voi-chung-toi/article/lien-he-voi-chung-toie034.html]
[mlr.ltd/contact/article/contact-us.html]
[mlr.ltd/index8576.html]
[mlr.ltd/indexb3f3.html]
[mlr.ltd/index7965.html]
[mlr.ltd/contact-171/article/contact3454.html]
[mlr.ltd/index05d4.html]
[mlr.ltd/indexe68f.html]
[mlr.ltd/indexcc5a.html]
[mlr.ltd/services/risk-advisory/article/background-check.html]
[mlr.ltd/services/risk-advisory/article/due-diligence.html]
[mlr.ltd/services/risk-advisory/article/financial-due-diligence.html]
[mlr.ltd/services/compliance/article/anti-corruption-compliance.html]
[mlr.ltd/services/compliance/article/anti-money-laundering.html]
[mlr.ltd/services/compliance/article/sanctions.html]
[mlr.ltd/services/compliance/article/cryptocurrencies.html]
[mlr.ltd/services/compliance/article/5-fraud.html]
[mlr.ltd/services/economic-intelligence/article/economic-intelligence.html]
[mlr.ltd/services/economic-intelligence/article/expertise-in-industrial-zones.html]
[mlr.ltd/services/public-affairs/article/strategic-consulting.html]
[mlr.ltd/services/public-affairs/article/institutional-relations.html]
[mlr.ltd/services/public-affairs/article/government-affairs.html]
[mlr.ltd/the-company/management/article/dr-remi-nguyen.html]
[mlr.ltd/the-company/management/article/romain-marselli.html]
[mlr.ltd/the-company/management/article/tran-cong-hoa.html]
[mlr.ltd/the-company/management/article/tran-minh-quan-nguyen.html]
[mlr.ltd/partners/index.html]
[mlr.ltd/squelettes/images/partenaires2.html]
[mlr.ltd/terms-of-use/article/legal-notice.html]
[mlr.ltd/terms-of-use/article/privacy-policy.html]
[mlr.ltd/plugins-dist/porte_plume/css/img/arrow_out.svg]
[mlr.ltd/plugins-dist/porte_plume/css/img/arrow_in.svg]
[mlr.ltd/plugins-dist/porte_plume/css/img/handle.svg]
[mlr.ltd/plugins-dist/porte_plume/icones_barre/spt-v1.svg]
[mlr.ltd/prive/images/loader.svg]
[mlr.ltd/plugins/auto/sociaux/v2.4.2/lib/socicon/fonts/Sociconb716.svg]
[mlr.ltd/squelettes/css/img/quote.html]
[mlr.ltd/indexe034.html]
[mlr.ltd/index3454.html]
[mlr.ltd/squelettes/images/mlr1.html]
[mlr.ltd/squelettes/images/mlr3.html]
[mlr.ltd/the-company/index.html]
[mlr.ltd/la-societe/qui-sommes-nous/article/qui-sommes-nous.html]
[mlr.ltd/la-societe/nos-valeurs/article/nos-valeurs.html]
[mlr.ltd/partenaires/institutions-europeennes/article/eurocham.html]
[mlr.ltd/la-societe/management/index.html]
[mlr.ltd/partenaires/institutions-vietnamiennes/article/vietnam-blockchain-association.html]
[mlr.ltd/nos-services/risk-advisory/index.html]
[mlr.ltd/nos-services/compliance/index.html]
[mlr.ltd/nos-services/intelligence-economique/index.html]
[mlr.ltd/nos-services/affaires-publiques/index.html]
[mlr.ltd/partenaires/institutions-francaises/index.html]
[mlr.ltd/contact-fr/article/vous-souhaitez-travailler-avec-nous-contactez-nous.html]
[mlr.ltd/the-company/who-we-are/article/who-we-are9ed2.html]
[mlr.ltd/local/cache-gd2/ef/708f43187e2119912cf46ba6e32d5aabcc.png]
[mlr.ltd/la-societe/index.html]
[mlr.ltd/conditions-d-utilisation/article/mentions-legales.html]
[mlr.ltd/la-societe/qui-sommes-nous/index.html]
[mlr.ltd/partenaires/index.html]
[mlr.ltd/la-societe/qui-sommes-nous/article/qui-sommes-nouse68f.html]
[mlr.ltd/mlr-จำกัดโดยสังเขป/พวกเราเป็นใคร/article/พวกเราเป็นใครcc5a.html]
[mlr.ltd/conditions-d-utilisation/article/privacy-policy.html]
[mlr.ltd/ve-chung-toi/ve-chung-toi/article/ve-chung-toi.html]
[mlr.ltd/ve-chung-toi/gia-tri-cua-chung-toi/article/gia-tri-cua-chung-toi.html]
[mlr.ltd/đoi-tac/to-chuc-chau-au/article/nouvelle-traduction-01-eurocham.html]
[mlr.ltd/ve-chung-toi/quan-ly/index.html]
[mlr.ltd/đoi-tac/cac-to-chuc-cua-viet-nam/article/hiep-hoi-blockchain-viet-nam.html]
[mlr.ltd/dich-vu/tu-van/index.html]
[mlr.ltd/lien-he-voi-chung-toi/article/lien-he-voi-chung-toi.html]
[mlr.ltd/dich-vu/tu-van/tu-van-rui-ro/index.html]
[mlr.ltd/dich-vu/compliance/index.html]
[mlr.ltd/dich-vu/tinh-bao-kinh-te/index.html]
[mlr.ltd/dich-vu/cong-vu/index.html]
[mlr.ltd/đoi-tac/cac-to-chuc-cua-phap/index.html]
[mlr.ltd/local/cache-gd2/c2/c314c6089b724d72c495a6dee7727bca83.png]
[mlr.ltd/đieu-khoan-su-dung/article/thong-bao-phap-ly.html]
[mlr.ltd/đoi-tac/index.html]
[mlr.ltd/ve-chung-toi/ve-chung-toi/article/ve-chung-toie034.html]
[mlr.ltd/公司/我們是誰/article/我們是誰3454.html]
[mlr.ltd/đieu-khoan-su-dung/article/privacy-policy.html]
[mlr.ltd/the-company/our-values/article/our-values9ed2.html]
[mlr.ltd/la-societe/nos-valeurs/article/nos-valeurscc5a.html]
[mlr.ltd/local/cache-gd2/a4/3808e44abba9d9f7390d1c1cc078abac9d.png]
[mlr.ltd/la-societe/nos-valeurs/article/nos-valeurse68f.html]
[mlr.ltd/the-company/our-values/article/our-valuescc5a.html]
[mlr.ltd/ve-chung-toi/gia-tri-cua-chung-toi/article/gia-tri-cua-chung-toicc5a.html]
[mlr.ltd/local/cache-gd2/06/21db3506a5a20d4461f7cedb7925d61e32.png]
[mlr.ltd/ve-chung-toi/gia-tri-cua-chung-toi/article/gia-tri-cua-chung-toie034.html]
[mlr.ltd/公司/我們的價值觀/article/我們的價值觀3454.html]
[mlr.ltd/the-company/management/index3df0.html]
[mlr.ltd/la-societe/management/indexe68f.html]
[mlr.ltd/the-company/management/index15ca.html]
[mlr.ltd/mlr-จำกัดโดยสังเขป/ทีมงานของเรา/indexcc5a.html]
[mlr.ltd/ve-chung-toi/index.html]
[mlr.ltd/services/risk-advisory/index2ce0.html]
[mlr.ltd/nos-services/risk-advisory/indexe68f.html]
[mlr.ltd/services/risk-advisory/index4147.html]
[mlr.ltd/34/advisory/risk-advisory/indexcc5a.html]
[mlr.ltd/services/risk-advisory/index80ec.html]
[mlr.ltd/services/risk-advisory/index29d4.html]
[mlr.ltd/services/index.html]
[mlr.ltd/dich-vu/tu-van/tu-van-rui-ro/indexe034.html]
[mlr.ltd/services/compliance/indexaafa.html]
[mlr.ltd/34/การปฏิบัติตาม/indexcc5a.html]
[mlr.ltd/services/compliance/index85cc.html]
[mlr.ltd/dich-vu/compliance/indexe034.html]
[mlr.ltd/services/compliance/index4459.html]
[mlr.ltd/services/economic-intelligence/indexe9ea.html]
[mlr.ltd/services/economic-intelligence/indexac7f.html]
[mlr.ltd/nos-services/intelligence-economique/indexe68f.html]
[mlr.ltd/services/economic-intelligence/index789a.html]
[mlr.ltd/34/133/indexcc5a.html]
[mlr.ltd/dich-vu/tinh-bao-kinh-te/indexe034.html]
[mlr.ltd/services/public-affairs/index142b.html]
[mlr.ltd/services/public-affairs/index4260.html]
[mlr.ltd/dich-vu/cong-vu/indexe034.html]
[mlr.ltd/partners/french-institutions/index726f.html]
[mlr.ltd/partners/french-institutions/index0c33.html]
[mlr.ltd/partners/french-institutions/index96df.html]
[mlr.ltd/partners/french-institutions/index1914.html]
[mlr.ltd/พันธมิตร/สถาบันฝรั่งเศส/indexcc5a.html]
[mlr.ltd/合作夥伴/institutions-francaises/index3454.html]
[mlr.ltd/partners/french-institutions/article/the-foreign-trade-advisors-of-france.html]
[mlr.ltd/partners/french-institutions/article/business-france.html]
[mlr.ltd/partners/french-institutions/article/the-french-chamber-of-commerce-and-industry-in-vietnam-ccifv.html]
[mlr.ltd/partners/french-institutions/article/french-tech-vietnam.html]
[mlr.ltd/partners/french-institutions/article/stratexio.html]
[mlr.ltd/local/cache-gd2/74/d0f48a54c353053f4fd3b712e25e72cdf3.png]
[mlr.ltd/partners/european-institutions/article/eurocham9ed2.html]
[mlr.ltd/local/cache-gd2/e7/3effc72f6ab5e272d4b8a11936d2a45e3c.png]
[mlr.ltd/partenaires/institutions-europeennes/article/eurochame68f.html]
[mlr.ltd/พันธมิตร/สถาบันในยุโรป/article/eurochamcc5a.html]
[mlr.ltd/đoi-tac/to-chuc-chau-au/article/nouvelle-traduction-01-eurochame034.html]
[mlr.ltd/合作夥伴/歐洲機構/article/eurocham3454.html]
[mlr.ltd/partners/european-institutions/index.html]
[mlr.ltd/partenaires/institutions-europeennes/index.html]
[mlr.ltd/partners/vietnamese-institutions/article/nouvelle-traduction-1-vietnam-blockchain-association9ed2.html]
[mlr.ltd/local/cache-gd2/b5/6e4327fb00434fe3da81818edf5b9e23bf.png]
[mlr.ltd/partenaires/institutions-vietnamiennes/article/vietnam-blockchain-associatione68f.html]
[mlr.ltd/พันธมิตร/สถาบันเวียดนาม/article/สมาคมบล็อกเชนเวียดนามcc5a.html]
[mlr.ltd/đoi-tac/cac-to-chuc-cua-viet-nam/article/hiep-hoi-blockchain-viet-name034.html]
[mlr.ltd/合作夥伴/越南機構/article/越南區塊鏈協會-英文-vietnam-blockchain-association-vba3454.html]
[mlr.ltd/partners/vietnamese-institutions/index.html]
[mlr.ltd/partenaires/institutions-vietnamiennes/index.html]
[mlr.ltd/contact/article/contact-us9ed2.html]
[mlr.ltd/contact-fr/article/vous-souhaitez-travailler-avec-nous-contactez-nouscc5a.html]
[mlr.ltd/contact-fr/article/vous-souhaitez-travailler-avec-nous-contactez-nouse68f.html]
[mlr.ltd/contact/article/contact-uscc5a.html]
[mlr.ltd/lien-he-voi-chung-toi/article/lien-he-voi-chung-toicc5a.html]
[mlr.ltd/lien-he-voi-chung-toi/article/lien-he-voi-chung-toie034.html]
[mlr.ltd/contact-171/article/contact.html]
[mlr.ltd/公司/我們是誰/article/我們是誰.html]
[mlr.ltd/公司/我們的價值觀/article/我們的價值觀.html]
[mlr.ltd/合作夥伴/歐洲機構/article/eurocham.html]
[mlr.ltd/公司/管理層/index.html]
[mlr.ltd/合作夥伴/越南機構/article/越南區塊鏈協會-英文-vietnam-blockchain-association-vba.html]
[mlr.ltd/我們的服務/風險諮詢/index.html]
[mlr.ltd/我們的服務/合規/index.html]
[mlr.ltd/我們的服務/經濟情報/index.html]
[mlr.ltd/合作夥伴/institutions-francaises/index.html]
[mlr.ltd/我們的服務/公共事務/index.html]
[mlr.ltd/contact-171/article/contactcc5a.html]
[mlr.ltd/使用條款/article/法律聲明.html]
[mlr.ltd/合作夥伴/index.html]
[mlr.ltd/contact-171/article/contact3454.html]
[mlr.ltd/使用條款/article/隱私政策.html]
[mlr.ltd/local/cache-gd2/4a/84b4278645798c7ddb9c269132e5f1fac9.png]
[mlr.ltd/local/cache-gd2/c5/80636220f94f6d03b5bb2c19c02097b5a8.png]
[mlr.ltd/nos-services/risk-advisory/article/background-check.html]
[mlr.ltd/nos-services/risk-advisory/article/due-diligence.html]
[mlr.ltd/nos-services/risk-advisory/article/due-diligence-financiere.html]
[mlr.ltd/nos-services/compliance/article/anti-corruption.html]
[mlr.ltd/nos-services/compliance/article/anti-blanchiment-d-argent.html]
[mlr.ltd/nos-services/compliance/article/sanctions.html]
[mlr.ltd/nos-services/compliance/article/cryptomonnaies.html]
[mlr.ltd/nos-services/compliance/article/fraude.html]
[mlr.ltd/nos-services/intelligence-economique/article/note-economique.html]
[mlr.ltd/nos-services/intelligence-economique/article/expertise-dans-les-zones-industrielles.html]
[mlr.ltd/nos-services/affaires-publiques/article/conseil-strategique.html]
[mlr.ltd/nos-services/affaires-publiques/article/relations-institutionnelles.html]
[mlr.ltd/nos-services/affaires-publiques/article/affaires-gouvernementales.html]
[mlr.ltd/la-societe/management/article/dr-remi-nguyen.html]
[mlr.ltd/local/cache-gd2/7a/8a228d225fa8e01efccf7c81e6e586e770.webp]
[mlr.ltd/la-societe/management/article/romain-marselli.html]
[mlr.ltd/local/cache-gd2/eb/30e63b431004b15f7cf00bcb3d4766e770.webp]
[mlr.ltd/la-societe/management/article/tran-cong-hoa.html]
[mlr.ltd/local/cache-gd2/a3/5836e305982ef11046700f1279c3dfe770.webp]
[mlr.ltd/la-societe/management/article/tran-minh-quan-nguyen.html]
[mlr.ltd/local/cache-gd2/44/f796d4f158ccaed1db65a1c98277b1b5a8.webp]
[mlr.ltd/indexe68f.html]
[mlr.ltd/mlr-จำกัดโดยสังเขป/พวกเราเป็นใคร/article/พวกเราเป็นใคร.html]
[mlr.ltd/พันธมิตร/สถาบันในยุโรป/article/eurocham.html]
[mlr.ltd/mlr-จำกัดโดยสังเขป/ทีมงานของเรา/index.html]
[mlr.ltd/พันธมิตร/สถาบันเวียดนาม/article/สมาคมบล็อกเชนเวียดนาม.html]
[mlr.ltd/34/advisory/index.html]
[mlr.ltd/local/cache-gd2/66/b700a18110e2d8900f0bd423976cefacfb.png]
[mlr.ltd/34/advisory/risk-advisory/index.html]
[mlr.ltd/local/cache-gd2/f5/2c501cefb829273126333a16441a9ae62f.png]
[mlr.ltd/34/การปฏิบัติตาม/index.html]
[mlr.ltd/34/133/index.html]
[mlr.ltd/34/กิจการสาธารณะ/index.html]
[mlr.ltd/34/การปฏิบัติตาม/article/การต่อต้านการทุจริต.html]
[mlr.ltd/พันธมิตร/สถาบันฝรั่งเศส/index.html]
[mlr.ltd/34/การปฏิบัติตาม/article/การต่อต้านการฟอกเงิน.html]
[mlr.ltd/34/การปฏิบัติตาม/article/การลงโทษ.html]
[mlr.ltd/mlr-จำกัดโดยสังเขป/index.html]
[mlr.ltd/34/การปฏิบัติตาม/article/สกุลเงินดิจิทัล.html]
[mlr.ltd/34/การปฏิบัติตาม/article/5-การฉ้อโกง.html]
[mlr.ltd/34/133/article/บันทึกทางเศรษฐกิจ.html]
[mlr.ltd/34/133/article/469.html]
[mlr.ltd/34/กิจการสาธารณะ/article/ที่ปรึกษาทางยุทธศาสตร์.html]
[mlr.ltd/34/กิจการสาธารณะ/article/ความสัมพันธ์เชิงสถาบัน.html]
[mlr.ltd/34/กิจการสาธารณะ/article/ความสัมพันธ์กับรัฐบาล.html]
[mlr.ltd/mlr-จำกัดโดยสังเขป/ทีมงานของเรา/article/ดร-เรมี-เหงียน.html]
[mlr.ltd/local/cache-gd2/d7/705d1eb44101eb2d244db68aa3cbe5e62f.webp]
[mlr.ltd/mlr-จำกัดโดยสังเขป/ทีมงานของเรา/article/romain-marselli.html]
[mlr.ltd/local/cache-gd2/6b/c4c0feb9b50a83be02c1293d588386e62f.webp]
[mlr.ltd/mlr-จำกัดโดยสังเขป/ทีมงานของเรา/article/คุณเจฟฟ์-จีเน.html]
[mlr.ltd/local/cache-gd2/1c/78d0fe18c7612cf5a33edd168934fae62f.webp]
[mlr.ltd/mlr-จำกัดโดยสังเขป/ทีมงานของเรา/article/tran-cong-hoa.html]
[mlr.ltd/local/cache-gd2/1a/8ecd8988046dee2e518cbf172da5e5e62f.webp]
[mlr.ltd/legal-115/article/legal-notice.html]
[mlr.ltd/พันธมิตร/index.html]
[mlr.ltd/indexcc5a.html]
[mlr.ltd/legal-115/article/privacy-policy.html]
[mlr.ltd/local/cache-gd2/97/2aed573d8df4e040d1705aef3a4ce1f90b.png]
[mlr.ltd/local/cache-gd2/d8/4b073b4ce487e435332d5bbe43e4d644e8.png]
[mlr.ltd/dich-vu/compliance/article/lenh-trung-phat.html]
[mlr.ltd/dich-vu/compliance/article/tien-dien-tu.html]
[mlr.ltd/dich-vu/compliance/article/5-gian-lan.html]
[mlr.ltd/dich-vu/tinh-bao-kinh-te/article/ghi-chu-kinh-te.html]
[mlr.ltd/dich-vu/tinh-bao-kinh-te/article/chuyen-mon-ve-khu-cong-nghiep.html]
[mlr.ltd/dich-vu/cong-vu/article/tu-van-chien-luoc.html]
[mlr.ltd/dich-vu/cong-vu/article/quan-he-the-che.html]
[mlr.ltd/dich-vu/cong-vu/article/cong-viec-chinh-phu.html]
[mlr.ltd/ve-chung-toi/quan-ly/article/ts-remi-nguyen.html]
[mlr.ltd/local/cache-gd2/75/fa21f1959fd2c76622f4b2524e811bf90b.webp]
[mlr.ltd/ve-chung-toi/quan-ly/article/romain-marselli.html]
[mlr.ltd/local/cache-gd2/35/4012bc7bee980075bf726110e5c43df90b.webp]
[mlr.ltd/ve-chung-toi/quan-ly/article/ong-tran-cong-hoa.html]
[mlr.ltd/local/cache-gd2/6e/ad8b69b275c064cf8b8558d5a16e12f90b.webp]
[mlr.ltd/ve-chung-toi/quan-ly/article/tran-minh-quan-nguyen.html]
[mlr.ltd/local/cache-gd2/4e/a0954170bebcd5643d1cf9354fc457f90b.webp]
[mlr.ltd/indexe034.html]
[mlr.ltd/local/cache-gd2/cb/60a7ff1a0ed2ae86541e2f695055b6a7b4.png]
[mlr.ltd/local/cache-gd2/b2/7eacd94df8b01f240f45d88be5a1654cdc.png]
[mlr.ltd/我們的服務/風險諮詢/article/背景調查.html]
[mlr.ltd/我們的服務/風險諮詢/article/聲譽盡職調查.html]
[mlr.ltd/我們的服務/風險諮詢/article/財務盡職調查.html]
[mlr.ltd/公司/index.html]
[mlr.ltd/我們的服務/合規/article/反腐敗.html]
[mlr.ltd/我們的服務/合規/article/反洗錢.html]
[mlr.ltd/我們的服務/合規/article/制裁合規.html]
[mlr.ltd/我們的服務/合規/article/加密貨幣.html]
[mlr.ltd/我們的服務/合規/article/欺詐.html]
[mlr.ltd/我們的服務/經濟情報/article/經濟報告.html]
[mlr.ltd/我們的服務/經濟情報/article/工業區專業知識.html]
[mlr.ltd/我們的服務/公共事務/article/戰略諮詢.html]
[mlr.ltd/我們的服務/公共事務/article/機構關係.html]
[mlr.ltd/index3454.html]
[mlr.ltd/the-company/index.html]
[mlr.ltd/la-societe/qui-sommes-nous/article/qui-sommes-nous.html]
[mlr.ltd/la-societe/nos-valeurs/article/nos-valeurs.html]
[mlr.ltd/la-societe/management/index.html]
[mlr.ltd/nos-services/risk-advisory/index.html]
[mlr.ltd/nos-services/compliance/index.html]
[mlr.ltd/nos-services/intelligence-economique/index.html]
[mlr.ltd/nos-services/affaires-publiques/index.html]
[mlr.ltd/partenaires/institutions-francaises/index.html]
[mlr.ltd/partenaires/institutions-europeennes/article/eurocham.html]
[mlr.ltd/partenaires/institutions-vietnamiennes/article/vietnam-blockchain-association.html]
[mlr.ltd/contact-fr/article/vous-souhaitez-travailler-avec-nous-contactez-nous.html]
[mlr.ltd/the-company/who-we-are/article/who-we-are9ed2.html]
[mlr.ltd/la-societe/index.html]
[mlr.ltd/la-societe/qui-sommes-nous/index.html]
[mlr.ltd/partenaires/index.html]
[mlr.ltd/conditions-d-utilisation/article/mentions-legales.html]
[mlr.ltd/conditions-d-utilisation/article/privacy-policy.html]
[mlr.ltd/ve-chung-toi/ve-chung-toi/article/ve-chung-toi.html]
[mlr.ltd/ve-chung-toi/gia-tri-cua-chung-toi/article/gia-tri-cua-chung-toi.html]
[mlr.ltd/ve-chung-toi/quan-ly/index.html]
[mlr.ltd/dich-vu/tu-van/index.html]
[mlr.ltd/dich-vu/tu-van/tu-van-rui-ro/index.html]
[mlr.ltd/dich-vu/compliance/index.html]
[mlr.ltd/dich-vu/tinh-bao-kinh-te/index.html]
[mlr.ltd/dich-vu/cong-vu/index.html]
[mlr.ltd/đoi-tac/cac-to-chuc-cua-phap/index.html]
[mlr.ltd/đoi-tac/to-chuc-chau-au/article/nouvelle-traduction-01-eurocham.html]
[mlr.ltd/đoi-tac/cac-to-chuc-cua-viet-nam/article/hiep-hoi-blockchain-viet-nam.html]
[mlr.ltd/lien-he-voi-chung-toi/article/lien-he-voi-chung-toi.html]
[mlr.ltd/đoi-tac/index.html]
[mlr.ltd/đieu-khoan-su-dung/article/thong-bao-phap-ly.html]
[mlr.ltd/đieu-khoan-su-dung/article/privacy-policy.html]
[mlr.ltd/the-company/our-values/article/our-values9ed2.html]
[mlr.ltd/la-societe/nos-valeurs/article/nos-valeurscc5a.html]
[mlr.ltd/ve-chung-toi/gia-tri-cua-chung-toi/article/gia-tri-cua-chung-toicc5a.html]
[mlr.ltd/ve-chung-toi/index.html]
[mlr.ltd/我們的服務/公共事務/article/政府事務.html]
[mlr.ltd/local/cache-gd2/a6/8e691baec14624c7751c758392fa81e901.png]
[mlr.ltd/local/cache-gd2/c1/1745697fefde2615b798d99f571c71e770.png]
[mlr.ltd/local/cache-gd2/9b/ed3708c87f8b339fb827d5e749adf1e770.png]
[mlr.ltd/local/cache-gd2/9a/e89df026122cbf6211095db40fa20fe770.png]
[mlr.ltd/local/cache-gd2/57/009ab64a3c48a915360fbc56f6704ab5a8.png]
[mlr.ltd/la-societe/management/indexe68f.html]
[mlr.ltd/mlr-จำกัดโดยสังเขป/ทีมงานของเรา/indexcc5a.html]
[mlr.ltd/the-company/management/index2d73.html]
[mlr.ltd/ve-chung-toi/quan-ly/indexe034.html]
[mlr.ltd/local/cache-gd2/1b/13d73f8c15750396037048a53702a45dfd.png]
[mlr.ltd/local/cache-gd2/32/a360fa44e747d37d0ce71465647817a906.png]
[mlr.ltd/local/cache-gd2/53/f404867179479789d72ff56ad6aed4a906.png]
[mlr.ltd/nos-services/risk-advisory/indexe68f.html]
[mlr.ltd/local/cache-gd2/f2/0b68f66edb880e7c7bafa6b0d47d72efcb.png]
[mlr.ltd/local/cache-gd2/72/7b5a5aafc9953d9d07891302fe3ce7b70a.png]
[mlr.ltd/34/advisory/risk-advisory/indexcc5a.html]
[mlr.ltd/34/advisory/risk-advisory/article/525.html]
[mlr.ltd/local/cache-gd2/7e/75f2eb4fe0371da86b0859700bfcddc3b2.png]
[mlr.ltd/local/cache-gd2/4f/d5a820ded76ea5b7e5077d21bf90334058.png]
[mlr.ltd/dich-vu/index.html]
[mlr.ltd/dich-vu/tu-van/tu-van-rui-ro/article/kiem-tra-thong-tin-nen.html]
[mlr.ltd/local/cache-gd2/e9/d0d5db037502d742955d1b3cd6872dc923.png]
[mlr.ltd/dich-vu/tu-van/tu-van-rui-ro/article/đanh-gia-thong-tin-doi-tac.html]
[mlr.ltd/local/cache-gd2/24/ff3414d85cec75904bdc66d9fcea9ac923.png]
[mlr.ltd/dich-vu/tu-van/tu-van-rui-ro/indexe034.html]
[mlr.ltd/local/cache-gd2/2d/cc87c2ef31fc1d3a9e849efe4782806c59.png]
[mlr.ltd/dich-vu/tu-van/tu-van-rui-ro/article/tham-đinh-tai-chinh.html]
[mlr.ltd/services/compliance/index2ee2.html]
[mlr.ltd/nos-services/compliance/indexe68f.html]
[mlr.ltd/34/การปฏิบัติตาม/indexcc5a.html]
[mlr.ltd/local/cache-gd2/1b/c45e87e68200e4403c3ca8e7bbffe3a197.png]
[mlr.ltd/dich-vu/compliance/indexe034.html]
[mlr.ltd/local/cache-gd2/5a/b577d13fd0ea3efa0eeb373db495043794.png]
[mlr.ltd/nos-services/intelligence-economique/indexe68f.html]
[mlr.ltd/local/cache-gd2/31/01f0fe7476fb7c872b27c109a549b08154.png]
[mlr.ltd/local/cache-gd2/de/3fd524df84600416efbe22d05a1c33dea0.png]
[mlr.ltd/34/133/indexcc5a.html]
[mlr.ltd/local/cache-gd2/be/004f8f8737db0969bb3358332e78e0.155a948.delayed]
[mlr.ltd/dich-vu/tinh-bao-kinh-te/indexe034.html]
[mlr.ltd/services/economic-intelligence/indexaba0.html]
[mlr.ltd/services/public-affairs/index84a0.html]
[mlr.ltd/nos-services/affaires-publiques/indexe68f.html]
[mlr.ltd/34/กิจการสาธารณะ/indexcc5a.html]
[mlr.ltd/local/cache-gd2/32/29bd1815141ef46c312b5e35bc52c6fae4.png]
[mlr.ltd/dich-vu/cong-vu/indexe034.html]
[mlr.ltd/services/public-affairs/index424b.html]
[mlr.ltd/พันธมิตร/สถาบันฝรั่งเศส/indexcc5a.html]
[mlr.ltd/đoi-tac/cac-to-chuc-cua-phap/indexe034.html]
[mlr.ltd/合作夥伴/institutions-francaises/index3454.html]
[mlr.ltd/partners/european-institutions/article/eurocham9ed2.html]
[mlr.ltd/partenaires/institutions-europeennes/index.html]
[mlr.ltd/partners/vietnamese-institutions/article/nouvelle-traduction-1-vietnam-blockchain-association9ed2.html]
[mlr.ltd/partenaires/institutions-vietnamiennes/index.html]
[mlr.ltd/contact/article/contact-us9ed2.html]
[mlr.ltd/contact-fr/article/vous-souhaitez-travailler-avec-nous-contactez-nouscc5a.html]
[mlr.ltd/lien-he-voi-chung-toi/article/lien-he-voi-chung-toicc5a.html]
[mlr.ltd/contact-171/article/contact.html]
[mlr.ltd/local/cache-gd2/a3/705decf3a1296a96dbc719d180cc4f4ded.png]
[mlr.ltd/公司/我們是誰/article/我們是誰.html]
[mlr.ltd/公司/我們是誰/index.html]
[mlr.ltd/公司/我們的價值觀/article/我們的價值觀cc5a.html]
[mlr.ltd/local/cache-gd2/54/431964952800bac0349cd2bd7c7656a0ad.png]
[mlr.ltd/公司/我們的價值觀/article/我們的價值觀.html]
[mlr.ltd/公司/管理層/index.html]
[mlr.ltd/我們的服務/風險諮詢/index.html]
[mlr.ltd/我們的服務/合規/index.html]
[mlr.ltd/我們的服務/經濟情報/index.html]
[mlr.ltd/我們的服務/公共事務/index.html]
[mlr.ltd/合作夥伴/institutions-francaises/index.html]
[mlr.ltd/local/cache-gd2/90/008c683ac4045b93312d5dc5ae987c87e2.png]
[mlr.ltd/合作夥伴/歐洲機構/article/eurocham.html]
[mlr.ltd/合作夥伴/歐洲機構/index.html]
[mlr.ltd/local/cache-gd2/ec/cd7d32c5fde670e70995ebb7c57a0fd83f.png]
[mlr.ltd/合作夥伴/越南機構/article/越南區塊鏈協會-英文-vietnam-blockchain-association-vba.html]
[mlr.ltd/contact-171/article/contactcc5a.html]
[mlr.ltd/合作夥伴/index.html]
[mlr.ltd/使用條款/article/法律聲明.html]
[mlr.ltd/使用條款/article/隱私政策.html]
[mlr.ltd/index164f.html]
[mlr.ltd/index31b7.html]
[mlr.ltd/index6917.html]
[mlr.ltd/index0bf8.html]
[mlr.ltd/nos-services/risk-advisory/article/background-check.html]
[mlr.ltd/nos-services/risk-advisory/article/due-diligence.html]
[mlr.ltd/nos-services/risk-advisory/article/due-diligence-financiere.html]
[mlr.ltd/nos-services/compliance/article/anti-corruption.html]
[mlr.ltd/nos-services/compliance/article/anti-blanchiment-d-argent.html]
[mlr.ltd/nos-services/compliance/article/sanctions.html]
[mlr.ltd/nos-services/compliance/article/cryptomonnaies.html]
[mlr.ltd/nos-services/compliance/article/fraude.html]
[mlr.ltd/nos-services/intelligence-economique/article/note-economique.html]
[mlr.ltd/nos-services/intelligence-economique/article/expertise-dans-les-zones-industrielles.html]
[mlr.ltd/nos-services/affaires-publiques/article/conseil-strategique.html]
[mlr.ltd/nos-services/affaires-publiques/article/relations-institutionnelles.html]
[mlr.ltd/nos-services/affaires-publiques/article/affaires-gouvernementales.html]
[mlr.ltd/la-societe/management/article/dr-remi-nguyen.html]
[mlr.ltd/la-societe/management/article/romain-marselli.html]
[mlr.ltd/la-societe/management/article/tran-cong-hoa.html]
[mlr.ltd/la-societe/management/article/tran-minh-quan-nguyen.html]
[mlr.ltd/合作夥伴/越南機構/index.html]
[mlr.ltd/index9ed2.html]
[mlr.ltd/local/cache-gd2/58/454bfd8d41ca904e8e02af43f24db7a8d9.png]
[mlr.ltd/mlr-จำกัดโดยสังเขป/พวกเราเป็นใคร/article/พวกเราเป็นใคร.html]
[mlr.ltd/local/cache-gd2/e8/6a575f879e89c319e064e4ae36a1fe80f3.png]
[mlr.ltd/local/cache-gd2/6a/667a5197f60f0f53d852ade3acc63680f3.png]
[mlr.ltd/local/cache-gd2/a5/c44d037dc5bb4692400d0d7f99a07a80f3.png]
[mlr.ltd/local/cache-gd2/31/62ce6560380964d42cec6f1a6744a6195f.png]
[mlr.ltd/local/cache-gd2/59/299faafbdf1b93ac45110b51d73ff0195f.png]
[mlr.ltd/mlr-จำกัดโดยสังเขป/ทีมงานของเรา/index.html]
[mlr.ltd/local/cache-gd2/49/1def0d538448b7834e0e1750720c90205f.png]
[mlr.ltd/local/cache-gd2/53/5546468fa99a749109cbb4f9810f17e482.png]
[mlr.ltd/34/advisory/index.html]
[mlr.ltd/34/advisory/risk-advisory/index.html]
[mlr.ltd/34/การปฏิบัติตาม/index.html]
[mlr.ltd/34/133/index.html]
[mlr.ltd/local/cache-gd2/e3/b782993126bc180cfa3371bbe2e9ce0118.png]
[mlr.ltd/34/กิจการสาธารณะ/index.html]
[mlr.ltd/local/cache-gd2/60/0f5becaec931d0e977fdde1b5f8ab229b6.png]
[mlr.ltd/พันธมิตร/สถาบันฝรั่งเศส/article/486.html]
[mlr.ltd/local/cache-gd2/3e/7fc759440654451df192f5b034bdfe29b6.png]
[mlr.ltd/พันธมิตร/สถาบันฝรั่งเศส/article/business-france.html]
[mlr.ltd/local/cache-gd2/d0/fe3e381a1312d06d36aee9f59f9da229b6.png]
[mlr.ltd/พันธมิตร/สถาบันฝรั่งเศส/article/494.html]
[mlr.ltd/local/cache-gd2/8e/658bfad840bf07d6a0d215d692ca986102.png]
[mlr.ltd/พันธมิตร/สถาบันฝรั่งเศส/article/เฟรนช์เทคเวียดนาม.html]
[mlr.ltd/local/cache-gd2/be/9f5ef27cec13a76888a02bdf8947bd6102.png]
[mlr.ltd/พันธมิตร/สถาบันฝรั่งเศส/index.html]
[mlr.ltd/พันธมิตร/สถาบันฝรั่งเศส/article/stratexio.html]
[mlr.ltd/local/cache-gd2/38/875bd8f1f5f3e08153bdfffc5cfe24bed3.png]
[mlr.ltd/พันธมิตร/สถาบันในยุโรป/article/eurocham.html]
[mlr.ltd/พันธมิตร/สถาบันในยุโรป/index.html]
[mlr.ltd/local/cache-gd2/67/4baadc6054e110cfec3733bbb28caf6104.png]
[mlr.ltd/พันธมิตร/สถาบันเวียดนาม/article/สมาคมบล็อกเชนเวียดนาม.html]
[mlr.ltd/indexd991.html]
[mlr.ltd/indexc043.html]
[mlr.ltd/index145e.html]
[mlr.ltd/indexac12.html]
[mlr.ltd/mlr-จำกัดโดยสังเขป/index.html]
[mlr.ltd/34/การปฏิบัติตาม/article/การต่อต้านการทุจริต.html]
[mlr.ltd/พันธมิตร/สถาบันเวียดนาม/index.html]
[mlr.ltd/services/compliance/article/anti-money-laundering9ed2.html]
[mlr.ltd/nos-services/compliance/article/anti-blanchiment-d-argente68f.html]
[mlr.ltd/dich-vu/compliance/article/chong-rua-tiene034.html]
[mlr.ltd/34/การปฏิบัติตาม/article/การต่อต้านการฟอกเงิน.html]
[mlr.ltd/services/compliance/article/sanctions9ed2.html]
[mlr.ltd/nos-services/compliance/article/sanctionse68f.html]
[mlr.ltd/dich-vu/compliance/article/lenh-trung-phate034.html]
[mlr.ltd/34/การปฏิบัติตาม/article/การลงโทษ.html]
[mlr.ltd/34/การปฏิบัติตาม/article/สกุลเงินดิจิทัล.html]
[mlr.ltd/34/การปฏิบัติตาม/article/5-การฉ้อโกง.html]
[mlr.ltd/34/133/article/บันทึกทางเศรษฐกิจ.html]
[mlr.ltd/34/133/article/469.html]
[mlr.ltd/34/กิจการสาธารณะ/article/ที่ปรึกษาทางยุทธศาสตร์.html]
[mlr.ltd/34/กิจการสาธารณะ/article/ความสัมพันธ์เชิงสถาบัน.html]
[mlr.ltd/34/กิจการสาธารณะ/article/ความสัมพันธ์กับรัฐบาล.html]
[mlr.ltd/mlr-จำกัดโดยสังเขป/ทีมงานของเรา/article/ดร-เรมี-เหงียน.html]
[mlr.ltd/mlr-จำกัดโดยสังเขป/ทีมงานของเรา/article/romain-marselli.html]
[mlr.ltd/mlr-จำกัดโดยสังเขป/ทีมงานของเรา/article/คุณเจฟฟ์-จีเน.html]
[mlr.ltd/mlr-จำกัดโดยสังเขป/ทีมงานของเรา/article/tran-cong-hoa.html]
[mlr.ltd/พันธมิตร/index.html]
[mlr.ltd/legal-115/article/legal-notice.html]
[mlr.ltd/legal-115/article/privacy-policy.html]
[mlr.ltd/index0c55.html]
[mlr.ltd/index41f7.html]
[mlr.ltd/indexd991-2.html]
[mlr.ltd/dich-vu/compliance/article/lenh-trung-phat.html]
[mlr.ltd/dich-vu/compliance/article/tien-dien-tu.html]
[mlr.ltd/dich-vu/compliance/article/5-gian-lan.html]
[mlr.ltd/dich-vu/tinh-bao-kinh-te/article/ghi-chu-kinh-te.html]
[mlr.ltd/dich-vu/tinh-bao-kinh-te/article/chuyen-mon-ve-khu-cong-nghiep.html]
[mlr.ltd/dich-vu/cong-vu/article/tu-van-chien-luoc.html]
[mlr.ltd/dich-vu/cong-vu/article/quan-he-the-che.html]
[mlr.ltd/dich-vu/cong-vu/article/cong-viec-chinh-phu.html]
[mlr.ltd/ve-chung-toi/quan-ly/article/ts-remi-nguyen.html]
[mlr.ltd/ve-chung-toi/quan-ly/article/romain-marselli.html]
[mlr.ltd/ve-chung-toi/quan-ly/article/ong-tran-cong-hoa.html]
[mlr.ltd/ve-chung-toi/quan-ly/article/tran-minh-quan-nguyen.html]
[mlr.ltd/index2f1e.html]
[mlr.ltd/index3ac5.html]
[mlr.ltd/index287d.html]
[mlr.ltd/index66a3.html]
[mlr.ltd/公司/index.html]
[mlr.ltd/我們的服務/風險諮詢/article/背景調查.html]
[mlr.ltd/我們的服務/風險諮詢/article/聲譽盡職調查.html]
[mlr.ltd/我們的服務/風險諮詢/article/財務盡職調查.html]
[mlr.ltd/我們的服務/合規/article/反腐敗.html]
[mlr.ltd/我們的服務/合規/article/反洗錢.html]
[mlr.ltd/我們的服務/合規/article/制裁合規.html]
[mlr.ltd/我們的服務/合規/article/加密貨幣.html]
[mlr.ltd/我們的服務/合規/article/欺詐.html]
[mlr.ltd/我們的服務/經濟情報/article/經濟報告.html]
[mlr.ltd/我們的服務/經濟情報/article/工業區專業知識.html]
[mlr.ltd/我們的服務/公共事務/article/戰略諮詢.html]
[mlr.ltd/我們的服務/公共事務/article/機構關係.html]
[mlr.ltd/我們的服務/公共事務/article/政府事務.html]
[mlr.ltd/la-societe/management/indexeb2f.html]
[mlr.ltd/dich-vu/compliance/article/chong-tham-nhung]
[mlr.ltd/dich-vu/compliance/article/chong-rua-tien]
[mlr.ltd/la-societe/management/indexd3df.html]
[mlr.ltd/la-societe/management/indexb4c5.html]
[mlr.ltd/la-societe/management/index7b53.html]
[mlr.ltd/the-company/management/index9ed2.html]
[mlr.ltd/公司/管理層/index3454.html]
[mlr.ltd/local/cache-gd2/fc/19ffef6ceb5325984243449ad01e9e36ce.png]
[mlr.ltd/local/cache-gd2/bb/5556fcf26b80a9a54012a70f92074ff90b.png]
[mlr.ltd/local/cache-gd2/77/0a06e8f47488800ef67ebc68023580f90b.png]
[mlr.ltd/local/cache-gd2/33/c2a4ef57d8821168dd311012fda3f6f90b.png]
[mlr.ltd/local/cache-gd2/2c/f298481e77460cfdd44e9be081a504f90b.png]
[mlr.ltd/ve-chung-toi/quan-ly/indexe034.html]
[mlr.ltd/the-company/management/index0c2a.html]
[mlr.ltd/nos-services/risk-advisory/indexb9c4.html]
[mlr.ltd/nos-services/risk-advisory/index4a8a.html]
[mlr.ltd/nos-services/risk-advisory/index4513.html]
[mlr.ltd/nos-services/risk-advisory/index85af.html]
[mlr.ltd/local/cache-gd2/94/4f0711560c775a5ebf61e59a4260498f33.png]
[mlr.ltd/services/risk-advisory/index9ed2.html]
[mlr.ltd/34/advisory/risk-advisory/indexb4bc.html]
[mlr.ltd/34/advisory/risk-advisory/indexd3d0.html]
[mlr.ltd/34/advisory/risk-advisory/indexd167.html]
[mlr.ltd/nos-services/index.html]
[mlr.ltd/34/advisory/risk-advisory/article/525.html]
[mlr.ltd/dich-vu/tu-van/tu-van-rui-ro/index05a8.html]
[mlr.ltd/dich-vu/tu-van/tu-van-rui-ro/index4cb9.html]
[mlr.ltd/dich-vu/tu-van/tu-van-rui-ro/indexf6fd.html]
[mlr.ltd/dich-vu/tu-van/tu-van-rui-ro/indexf6e9.html]
[mlr.ltd/dich-vu/index.html]
[mlr.ltd/dich-vu/tu-van/tu-van-rui-ro/article/kiem-tra-thong-tin-nen.html]
[mlr.ltd/dich-vu/tu-van/tu-van-rui-ro/article/đanh-gia-thong-tin-doi-tac.html]
[mlr.ltd/dich-vu/tu-van/tu-van-rui-ro/article/tham-đinh-tai-chinh.html]
[mlr.ltd/34/index.html]
[mlr.ltd/34/advisory/risk-advisory/article/kiem-tra-thong-tin-nen]
[mlr.ltd/local/cache-gd2/96/e68254fc21517f76954e5d2b62a8094fa9.png]
[mlr.ltd/nos-services/compliance/indexe68f.html]
[mlr.ltd/dich-vu/compliance/indexd80a.html]
[mlr.ltd/dich-vu/compliance/indexf0b9.html]
[mlr.ltd/dich-vu/compliance/indexb0d6.html]
[mlr.ltd/services/compliance/index9ed2.html]
[mlr.ltd/nos-services/intelligence-economique/indexb497.html]
[mlr.ltd/nos-services/intelligence-economique/index522b.html]
[mlr.ltd/nos-services/intelligence-economique/indexf134.html]
[mlr.ltd/34/133/index0ae4.html]
[mlr.ltd/local/cache-gd2/29/2461d9580f5e740743b8352231671dc3db.png]
[mlr.ltd/34/133/indexfc0d.html]
[mlr.ltd/34/133/index8cbc.html]
[mlr.ltd/dich-vu/tinh-bao-kinh-te/index3322.html]
[mlr.ltd/dich-vu/tinh-bao-kinh-te/index9720.html]
[mlr.ltd/dich-vu/tinh-bao-kinh-te/index5cb5.html]
[mlr.ltd/dich-vu/tinh-bao-kinh-te/index8a17.html]
[mlr.ltd/local/cache-gd2/38/d24ce9f33c3e7dff62762201edb700a948.png]
[mlr.ltd/local/cache-gd2/f2/702b3725e22a35b41317bbaa0c7a2c765d.png]
[mlr.ltd/nos-services/affaires-publiques/indexe68f.html]
[mlr.ltd/34/กิจการสาธารณะ/indexcc5a.html]
[mlr.ltd/dich-vu/cong-vu/index3004.html]
[mlr.ltd/services/public-affairs/index9ed2.html]
[mlr.ltd/dich-vu/cong-vu/index74bb.html]
[mlr.ltd/dich-vu/cong-vu/index35c5.html]
[mlr.ltd/local/cache-gd2/d1/344b73d59eaf4fdfaec1bb4387e39644aa.png]
[mlr.ltd/local/cache-gd2/46/03463d7cd9952574fb2d3ec83229e644aa.png]
[mlr.ltd/đoi-tac/cac-to-chuc-cua-phap/article/business-france.html]
[mlr.ltd/local/cache-gd2/d4/5883ca1217edf589df2d4c2e5d84b944aa.png]
[mlr.ltd/đoi-tac/cac-to-chuc-cua-phap/article/phong-thuong-mai-va-cong-nghiep-phap-tai-viet-nam-ccifv.html]
[mlr.ltd/local/cache-gd2/dd/0d01db7eef578e21073ea2cf5f8dbb6f45.png]
[mlr.ltd/đoi-tac/cac-to-chuc-cua-phap/article/french-tech-vietnam.html]
[mlr.ltd/local/cache-gd2/2a/6c265fa5243e2df3c64bb017c2a5176f45.png]
[mlr.ltd/đoi-tac/cac-to-chuc-cua-phap/indexe034.html]
[mlr.ltd/公司/我們是誰/index.html]
[mlr.ltd/公司/我們的價值觀/article/我們的價值觀cc5a.html]
[mlr.ltd/合作夥伴/歐洲機構/index.html]
[mlr.ltd/合作夥伴/越南機構/index.html]
[mlr.ltd/index9ed2.html]
[mlr.ltd/mlr-จำกัดโดยสังเขป/ทีมงานของเรา/indexd2f2.html]
[mlr.ltd/mlr-จำกัดโดยสังเขป/ทีมงานของเรา/indexc497.html]
[mlr.ltd/mlr-จำกัดโดยสังเขป/ทีมงานของเรา/index81ae.html]
[mlr.ltd/mlr-จำกัดโดยสังเขป/ทีมงานของเรา/index154c.html]
[mlr.ltd/34/advisory/index82a3.html]
[mlr.ltd/34/advisory/index2acd.html]
[mlr.ltd/34/advisory/index930d.html]
[mlr.ltd/đoi-tac/cac-to-chuc-cua-phap/article/stratexio.html]
[mlr.ltd/dich-vu/tu-van/indexe034.html]
[mlr.ltd/34/การปฏิบัติตาม/indexf538.html]
[mlr.ltd/34/การปฏิบัติตาม/indexa23d.html]
[mlr.ltd/34/advisory/indexe68f.html]
[mlr.ltd/34/advisory/index9ed2.html]
[mlr.ltd/34/กิจการสาธารณะ/index1e39.html]
[mlr.ltd/34/กิจการสาธารณะ/index84a0.html]
[mlr.ltd/34/กิจการสาธารณะ/index4260.html]
[mlr.ltd/พันธมิตร/สถาบันฝรั่งเศส/indexf8b0.html]
[mlr.ltd/พันธมิตร/สถาบันฝรั่งเศส/indexa7f9.html]
[mlr.ltd/พันธมิตร/สถาบันฝรั่งเศส/index8a34.html]
[mlr.ltd/พันธมิตร/สถาบันฝรั่งเศส/article/486.html]
[mlr.ltd/พันธมิตร/สถาบันฝรั่งเศส/article/business-france.html]
[mlr.ltd/พันธมิตร/สถาบันฝรั่งเศส/article/494.html]
[mlr.ltd/พันธมิตร/สถาบันฝรั่งเศส/article/เฟรนช์เทคเวียดนาม.html]
[mlr.ltd/พันธมิตร/สถาบันฝรั่งเศส/article/stratexio.html]
[mlr.ltd/พันธมิตร/สถาบันในยุโรป/index.html]
[mlr.ltd/พันธมิตร/สถาบันเวียดนาม/index.html]
[mlr.ltd/34/การปฏิบัติตาม/article/การต่อต้านการฟอกเงินcc5a.html]
[mlr.ltd/services/compliance/article/anti-money-laundering9ed2.html]
[mlr.ltd/nos-services/compliance/article/anti-blanchiment-d-argente68f.html]
[mlr.ltd/dich-vu/compliance/article/chong-rua-tiene034.html]
[mlr.ltd/34/การปฏิบัติตาม/article/การต่อต้านการฟอกเงิน69cf.html]
[mlr.ltd/34/การปฏิบัติตาม/article/การลงโทษcc5a.html]
[mlr.ltd/services/compliance/article/sanctions9ed2.html]
[mlr.ltd/nos-services/compliance/article/sanctionse68f.html]
[mlr.ltd/dich-vu/compliance/article/lenh-trung-phate034.html]
[mlr.ltd/34/การปฏิบัติตาม/article/การลงโทษ7840.html]
[mlr.ltd/index9895.html]
[mlr.ltd/services/compliance/article/anti-corruption-compliance9ed2.html]
[mlr.ltd/nos-services/compliance/article/anti-corruptione68f.html]
[mlr.ltd/34/การปฏิบัติตาม/article/การต่อต้านการทุจริตcc5a.html]
[mlr.ltd/dich-vu/compliance/article/chong-tham-nhung]
[mlr.ltd/dich-vu/compliance/article/chong-rua-tien]
[mlr.ltd/the-company/management/index9ed2.html]
[mlr.ltd/local/cache-gd2/fb/972dfbc9e5f6c17f2e57f5fb8975f2f394.png]
[mlr.ltd/公司/管理層/article/dr-remi-nguyen.html]
[mlr.ltd/公司/管理層/article/romain-marselli.html]
[mlr.ltd/公司/管理層/article/tran-cong-hoa.html]
[mlr.ltd/公司/管理層/article/tran-minh-quan-nguyen-516.html]
[mlr.ltd/公司/管理層/index3454.html]
[mlr.ltd/ve-chung-toi/quan-ly/index9fa3.html]
[mlr.ltd/ve-chung-toi/quan-ly/index4a8e.html]
[mlr.ltd/ve-chung-toi/quan-ly/index29de.html]
[mlr.ltd/ve-chung-toi/quan-ly/index226e.html]
[mlr.ltd/services/risk-advisory/index9ed2.html]
[mlr.ltd/nos-services/index.html]
[mlr.ltd/34/advisory/risk-advisory/index6dee.html]
[mlr.ltd/34/index.html]
[mlr.ltd/34/advisory/risk-advisory/article/kiem-tra-thong-tin-nen]
[mlr.ltd/local/cache-gd2/fe/3f5dea16c6959a7e47ac7710d0b049a84a.png]
[mlr.ltd/公司/管理層/article/tran-minh-quan-nguyen.html]
[mlr.ltd/nos-services/compliance/indexe302.html]
[mlr.ltd/nos-services/compliance/indexdf1a.html]
[mlr.ltd/nos-services/compliance/indexa21c.html]
[mlr.ltd/services/compliance/index9ed2.html]
[mlr.ltd/dich-vu/compliance/index2183.html]
[mlr.ltd/nos-services/intelligence-economique/index0c0c.html]
[mlr.ltd/34/advisory/risk-advisory/article/522]
[mlr.ltd/local/cache-gd2/a2/01d0c81d8e4d8bb05548c92d67a9c1c3db.png]
[mlr.ltd/services/economic-intelligence/index9ed2.html]
[mlr.ltd/34/133/indexf53a.html]
[mlr.ltd/local/cache-gd2/65/be1f814f1e1b31c4994f47ae7ace270b88.png]
[mlr.ltd/nos-services/affaires-publiques/indexb358.html]
[mlr.ltd/nos-services/affaires-publiques/index89e3.html]
[mlr.ltd/nos-services/affaires-publiques/index34da.html]
[mlr.ltd/services/public-affairs/index9ed2.html]
[mlr.ltd/dich-vu/cong-vu/index367c.html]
[mlr.ltd/partenaires/institutions-francaises/indexe68f.html]
[mlr.ltd/đoi-tac/cac-to-chuc-cua-phap/index465c.html]
[mlr.ltd/đoi-tac/cac-to-chuc-cua-phap/index312f.html]
[mlr.ltd/đoi-tac/cac-to-chuc-cua-phap/index8300.html]
[mlr.ltd/local/cache-gd2/b6/98b210c16592ab4a719dba5e4039f344aa.png]
[mlr.ltd/đoi-tac/cac-to-chuc-cua-phap/article/business-france.html]
[mlr.ltd/đoi-tac/cac-to-chuc-cua-phap/article/phong-thuong-mai-va-cong-nghiep-phap-tai-viet-nam-ccifv.html]
[mlr.ltd/đoi-tac/cac-to-chuc-cua-phap/article/french-tech-vietnam.html]
[mlr.ltd/đoi-tac/cac-to-chuc-cua-phap/article/stratexio.html]
[mlr.ltd/34/advisory/index9ed2.html]
[mlr.ltd/34/advisory/indexe68f.html]
[mlr.ltd/đoi-tac/cac-to-chuc-cua-phap/article/cac-co-van-thuong-mai-nuoc-ngoai-cua-phap]
[mlr.ltd/local/cache-gd2/63/c703a71435feed01cde89f6457d4756a93.png]
[mlr.ltd/local/cache-gd2/42/e62675759cb688c7a79d04da9c5d4ef381.png]
[mlr.ltd/dich-vu/tu-van/indexe034.html]
[mlr.ltd/34/advisory/indexef65.html]
[mlr.ltd/34/การปฏิบัติตาม/index2956.html]
[mlr.ltd/34/กิจการสาธารณะ/index424b.html]
[mlr.ltd/พันธมิตร/สถาบันฝรั่งเศส/index670b.html]
[mlr.ltd/partners/french-institutions/index9ed2.html]
[mlr.ltd/local/cache-gd2/f9/08b86786f64897d7ac9851a5987c3bbf03.png]
[mlr.ltd/34/การปฏิบัติตาม/article/การต่อต้านการฟอกเงินcc5a.html]
[mlr.ltd/services/compliance/article/anti-money-laundering69cf.html]
[mlr.ltd/nos-services/compliance/article/anti-blanchiment-d-argent31ea.html]
[mlr.ltd/dich-vu/compliance/article/chong-rua-tien3f41.html]
[mlr.ltd/34/การปฏิบัติตาม/article/การลงโทษcc5a.html]
[mlr.ltd/services/compliance/article/sanctions608a.html]
[mlr.ltd/nos-services/compliance/article/sanctionse138.html]
[mlr.ltd/dich-vu/compliance/article/lenh-trung-phatc137.html]
[mlr.ltd/dich-vu/compliance/article/chong-tham-nhunge034.html]
[mlr.ltd/services/compliance/article/anti-corruption-compliance9ed2.html]
[mlr.ltd/nos-services/compliance/article/anti-corruptione68f.html]
[mlr.ltd/34/การปฏิบัติตาม/article/การต่อต้านการทุจริตcc5a.html]
[mlr.ltd/dich-vu/compliance/article/chong-tham-nhung75ae.html]
[mlr.ltd/公司/管理層/index5ad6.html]
[mlr.ltd/公司/管理層/index15ca.html]
[mlr.ltd/公司/管理層/index2d73.html]
[mlr.ltd/公司/管理層/article/dr-remi-nguyen.html]
[mlr.ltd/公司/管理層/article/romain-marselli.html]
[mlr.ltd/公司/管理層/article/tran-cong-hoa.html]
[mlr.ltd/公司/管理層/article/tran-minh-quan-nguyen-516.html]
[mlr.ltd/公司/管理層/article/tran-minh-quan-nguyen.html]
[mlr.ltd/services/risk-advisory/article/due-diligence9ed2.html]
[mlr.ltd/nos-services/risk-advisory/article/due-diligencee68f.html]
[mlr.ltd/dich-vu/tu-van/tu-van-rui-ro/article/đanh-gia-thong-tin-doi-tace034.html]
[mlr.ltd/34/advisory/risk-advisory/article/522]
[mlr.ltd/nos-services/compliance/index78ce.html]
[mlr.ltd/services/economic-intelligence/index9ed2.html]
[mlr.ltd/local/cache-gd2/c9/aee3a543e30b1610c5d7d2a413247d0a0c.png]
[mlr.ltd/nos-services/affaires-publiques/index8263.html]
[mlr.ltd/services/public-affairs/index4b77.html]
[mlr.ltd/services/public-affairs/indexcd5c.html]
[mlr.ltd/đoi-tac/cac-to-chuc-cua-phap/article/cac-co-van-thuong-mai-nuoc-ngoai-cua-phap]
[mlr.ltd/dich-vu/tu-van/index83f6.html]
[mlr.ltd/dich-vu/tu-van/indexa7b7.html]
[mlr.ltd/dich-vu/tu-van/index5e7e.html]
[mlr.ltd/34/การปฏิบัติตาม/indexb0e7.html]
[mlr.ltd/local/cache-gd2/19/6d7ff39cd48c027ae7edbbbf60d14a25d6.png]
[mlr.ltd/dich-vu/tu-van/index9ed2.html]
[mlr.ltd/partners/french-institutions/index9ed2.html]
[mlr.ltd/dich-vu/compliance/article/chong-tham-nhunge034.html]
[mlr.ltd/services/compliance/article/anti-corruption-compliancef677.html]
[mlr.ltd/nos-services/compliance/article/anti-corruption84bc.html]
[mlr.ltd/34/การปฏิบัติตาม/article/การต่อต้านการทุจริต75ae.html]
[mlr.ltd/公司/管理層/index3df0.html]
[mlr.ltd/34/advisory/index3454.html]
[mlr.ltd/34/advisory/risk-advisory/article/522cc5a.html]
[mlr.ltd/local/cache-gd2/6c/475c17e92612f725c74077512212a5461f.png]
[mlr.ltd/services/risk-advisory/article/due-diligence9ed2.html]
[mlr.ltd/local/cache-gd2/75/35f83440d5839ad9302b26b9a0ca09eb65.png]
[mlr.ltd/nos-services/risk-advisory/article/due-diligencee68f.html]
[mlr.ltd/local/cache-gd2/1d/09248ef6dbc644d8b28eb1d0500d7833e3.png]
[mlr.ltd/dich-vu/tu-van/tu-van-rui-ro/article/đanh-gia-thong-tin-doi-tace034.html]
[mlr.ltd/34/advisory/risk-advisory/article/522e1ab.html]
[mlr.ltd/services/public-affairs/index9072.html]
[mlr.ltd/services/public-affairs/index91f5.html]
[mlr.ltd/đoi-tac/cac-to-chuc-cua-phap/index076c.html]
[mlr.ltd/dich-vu/tu-van/index9ed2.html]
[mlr.ltd/dich-vu/tu-van/indexe68f.html]
[mlr.ltd/34/advisory/index3454.html]
[mlr.ltd/34/advisory/risk-advisory/article/522cc5a.html]
[mlr.ltd/services/risk-advisory/article/due-diligence7c61.html]
[mlr.ltd/nos-services/risk-advisory/article/due-diligence5e7e.html]
[mlr.ltd/dich-vu/tu-van/tu-van-rui-ro/article/đanh-gia-thong-tin-doi-tac40e1.html]
[mlr.ltd/dich-vu/tu-van/index3454.html]
[mlr.ltd/dich-vu/tu-van/indexe68f.html]
[mlr.ltd/dich-vu/tu-van/indexe753.html]
[mlr.ltd/dich-vu/tu-van/index3454.html]
[mlr.ltd/services/risk-advisory/article/due-diligence1a7a]
[mlr.ltd/34/advisory/indexcc5a.html]
[mlr.ltd/34/advisory/indexcc5a.html]
